Read Time:           0.03977
Build Time:          0.00196
Reading hyperparameters config file add-hyperparams-filename...
Computing random walk for 1405 nodes and 23540 edges.
[TimingStat] Random walk time (s):                0.02195
Computing random walk for 1405 nodes and 23540 edges.
[TimingStat] Random walk time (s):                0.01951
Computing random walk for 1405 nodes and 23540 edges.
[TimingStat] Random walk time (s):                0.01948
Computing random walk for 1405 nodes and 23540 edges.
[TimingStat] Random walk time (s):                0.01948
Computing random walk for 1405 nodes and 23540 edges.
[TimingStat] Random walk time (s):                0.01947
Computing random walk for 1405 nodes and 23540 edges.
[TimingStat] Random walk time (s):                0.01947
Computing random walk for 1405 nodes and 23540 edges.
[TimingStat] Random walk time (s):                0.01834
Computing random walk for 1405 nodes and 23540 edges.
[TimingStat] Random walk time (s):                0.01783
Computing random walk for 1405 nodes and 23540 edges.
[TimingStat] Random walk time (s):                0.01783
Computing random walk for 1405 nodes and 23540 edges.
[TimingStat] Random walk time (s):                0.01784
Computing random walk for 1405 nodes and 23540 edges.
[TimingStat] Random walk time (s):                0.01778
Computing random walk for 1405 nodes and 23540 edges.
[TimingStat] Random walk time (s):                0.01778
Computing random walk for 1405 nodes and 23540 edges.
[TimingStat] Random walk time (s):                0.01778
Computing random walk for 1405 nodes and 23540 edges.
[TimingStat] Random walk time (s):                0.01782
Computing random walk for 1405 nodes and 23540 edges.
[TimingStat] Random walk time (s):                0.01767
Computing random walk for 1405 nodes and 23540 edges.
[TimingStat] Random walk time (s):                0.01767
Computing random walk for 1405 nodes and 23540 edges.
[TimingStat] Random walk time (s):                0.01766
Computing random walk for 1405 nodes and 23540 edges.
[TimingStat] Random walk time (s):                0.01766
Computing random walk for 1405 nodes and 23540 edges.
[TimingStat] Random walk time (s):                0.01760
Computing random walk for 1405 nodes and 23540 edges.
[TimingStat] Random walk time (s):                0.01759

real	0m0.935s
user	0m0.430s
sys	0m0.375s
