Read Time:           0.02497
Build Time:          0.00194
Reading hyperparameters config file add-hyperparams-filename...
Computing random walk for 1405 nodes and 23540 edges.
walk number: 0
walk number: 1
walk number: 2
walk number: 3
walk number: 4
walk number: 5
walk number: 6
walk number: 7
walk number: 8
walk number: 9
[TimingStat] Random walk time (s):                0.13971
Computing random walk for 1405 nodes and 23540 edges.
walk number: 0
walk number: 1
walk number: 2
walk number: 3
walk number: 4
walk number: 5
walk number: 6
walk number: 7
walk number: 8
walk number: 9
[TimingStat] Random walk time (s):                0.13813
Computing random walk for 1405 nodes and 23540 edges.
walk number: 0
walk number: 1
walk number: 2
walk number: 3
walk number: 4
walk number: 5
walk number: 6
walk number: 7
walk number: 8
walk number: 9
[TimingStat] Random walk time (s):                0.13818
Computing random walk for 1405 nodes and 23540 edges.
walk number: 0
walk number: 1
walk number: 2
walk number: 3
walk number: 4
walk number: 5
walk number: 6
walk number: 7
walk number: 8
walk number: 9
[TimingStat] Random walk time (s):                0.13910
Computing random walk for 1405 nodes and 23540 edges.
walk number: 0
walk number: 1
walk number: 2
walk number: 3
walk number: 4
walk number: 5
walk number: 6
walk number: 7
walk number: 8
walk number: 9
[TimingStat] Random walk time (s):                0.13763
Computing random walk for 1405 nodes and 23540 edges.
walk number: 0
walk number: 1
walk number: 2
walk number: 3
walk number: 4
walk number: 5
walk number: 6
walk number: 7
walk number: 8
walk number: 9
[TimingStat] Random walk time (s):                0.14163
Computing random walk for 1405 nodes and 23540 edges.
walk number: 0
walk number: 1
walk number: 2
walk number: 3
walk number: 4
walk number: 5
walk number: 6
walk number: 7
walk number: 8
walk number: 9
[TimingStat] Random walk time (s):                0.14156
Computing random walk for 1405 nodes and 23540 edges.
walk number: 0
walk number: 1
walk number: 2
walk number: 3
walk number: 4
walk number: 5
walk number: 6
walk number: 7
walk number: 8
walk number: 9
[TimingStat] Random walk time (s):                0.13934
Computing random walk for 1405 nodes and 23540 edges.
walk number: 0
walk number: 1
walk number: 2
walk number: 3
walk number: 4
walk number: 5
walk number: 6
walk number: 7
walk number: 8
walk number: 9
[TimingStat] Random walk time (s):                0.13866
Computing random walk for 1405 nodes and 23540 edges.
walk number: 0
walk number: 1
walk number: 2
walk number: 3
walk number: 4
walk number: 5
walk number: 6
walk number: 7
walk number: 8
walk number: 9
[TimingStat] Random walk time (s):                0.13895
Computing random walk for 1405 nodes and 23540 edges.
walk number: 0
walk number: 1
walk number: 2
walk number: 3
walk number: 4
walk number: 5
walk number: 6
walk number: 7
walk number: 8
walk number: 9
[TimingStat] Random walk time (s):                0.13840
Computing random walk for 1405 nodes and 23540 edges.
walk number: 0
walk number: 1
walk number: 2
walk number: 3
walk number: 4
walk number: 5
walk number: 6
walk number: 7
walk number: 8
walk number: 9
[TimingStat] Random walk time (s):                0.13821
Computing random walk for 1405 nodes and 23540 edges.
walk number: 0
walk number: 1
walk number: 2
walk number: 3
walk number: 4
walk number: 5
walk number: 6
walk number: 7
walk number: 8
walk number: 9
[TimingStat] Random walk time (s):                0.14066
Computing random walk for 1405 nodes and 23540 edges.
walk number: 0
walk number: 1
walk number: 2
walk number: 3
walk number: 4
walk number: 5
walk number: 6
walk number: 7
walk number: 8
walk number: 9
[TimingStat] Random walk time (s):                0.13859
Computing random walk for 1405 nodes and 23540 edges.
walk number: 0
walk number: 1
walk number: 2
walk number: 3
walk number: 4
walk number: 5
walk number: 6
walk number: 7
walk number: 8
walk number: 9
[TimingStat] Random walk time (s):                0.13836
Computing random walk for 1405 nodes and 23540 edges.
walk number: 0
walk number: 1
walk number: 2
walk number: 3
walk number: 4
walk number: 5
walk number: 6
walk number: 7
walk number: 8
walk number: 9
[TimingStat] Random walk time (s):                0.13844
Computing random walk for 1405 nodes and 23540 edges.
walk number: 0
walk number: 1
walk number: 2
walk number: 3
walk number: 4
walk number: 5
walk number: 6
walk number: 7
walk number: 8
walk number: 9
[TimingStat] Random walk time (s):                0.13784
Computing random walk for 1405 nodes and 23540 edges.
walk number: 0
walk number: 1
walk number: 2
walk number: 3
walk number: 4
walk number: 5
walk number: 6
walk number: 7
walk number: 8
walk number: 9
[TimingStat] Random walk time (s):                0.13812
Computing random walk for 1405 nodes and 23540 edges.
walk number: 0
walk number: 1
walk number: 2
walk number: 3
walk number: 4
walk number: 5
walk number: 6
walk number: 7
walk number: 8
walk number: 9
[TimingStat] Random walk time (s):                0.13824
Computing random walk for 1405 nodes and 23540 edges.
walk number: 0
walk number: 1
walk number: 2
walk number: 3
walk number: 4
walk number: 5
walk number: 6
walk number: 7
walk number: 8
walk number: 9
[TimingStat] Random walk time (s):                0.14099

real	0m2.914s
user	0m2.853s
sys	0m0.009s
