Read Time:           0.22972
Build Time:          0.00197
Reading hyperparameters config file add-hyperparams-filename...
Computing random walk for 1405 nodes and 23540 edges.
[TimingStat] Random walk time (s):                0.01058
Computing random walk for 1405 nodes and 23540 edges.
[TimingStat] Random walk time (s):                0.01019
Computing random walk for 1405 nodes and 23540 edges.
[TimingStat] Random walk time (s):                0.01008
Computing random walk for 1405 nodes and 23540 edges.
[TimingStat] Random walk time (s):                0.01026
Computing random walk for 1405 nodes and 23540 edges.
[TimingStat] Random walk time (s):                0.00973
Computing random walk for 1405 nodes and 23540 edges.
[TimingStat] Random walk time (s):                0.01018
Computing random walk for 1405 nodes and 23540 edges.
[TimingStat] Random walk time (s):                0.01006
Computing random walk for 1405 nodes and 23540 edges.
[TimingStat] Random walk time (s):                0.00987
Computing random walk for 1405 nodes and 23540 edges.
[TimingStat] Random walk time (s):                0.01035
Computing random walk for 1405 nodes and 23540 edges.
[TimingStat] Random walk time (s):                0.01007
Computing random walk for 1405 nodes and 23540 edges.
[TimingStat] Random walk time (s):                0.01000
Computing random walk for 1405 nodes and 23540 edges.
[TimingStat] Random walk time (s):                0.00947
Computing random walk for 1405 nodes and 23540 edges.
[TimingStat] Random walk time (s):                0.01001
Computing random walk for 1405 nodes and 23540 edges.
[TimingStat] Random walk time (s):                0.01030
Computing random walk for 1405 nodes and 23540 edges.
[TimingStat] Random walk time (s):                0.00968
Computing random walk for 1405 nodes and 23540 edges.
[TimingStat] Random walk time (s):                0.01011
Computing random walk for 1405 nodes and 23540 edges.
[TimingStat] Random walk time (s):                0.01003
Computing random walk for 1405 nodes and 23540 edges.
[TimingStat] Random walk time (s):                0.00969
Computing random walk for 1405 nodes and 23540 edges.
[TimingStat] Random walk time (s):                0.00983
Computing random walk for 1405 nodes and 23540 edges.
[TimingStat] Random walk time (s):                0.01058

real	0m1.474s
user	0m0.537s
sys	0m0.294s
