Read Time:           0.00971
Build Time:          0.00196
Reading hyperparameters config file add-hyperparams-filename...
Computing random walk for 1405 nodes and 23540 edges.
[TimingStat] Random walk time (s):                0.00814
Computing random walk for 1405 nodes and 23540 edges.
[TimingStat] Random walk time (s):                0.00765
Computing random walk for 1405 nodes and 23540 edges.
[TimingStat] Random walk time (s):                0.00754
Computing random walk for 1405 nodes and 23540 edges.
[TimingStat] Random walk time (s):                0.00752
Computing random walk for 1405 nodes and 23540 edges.
[TimingStat] Random walk time (s):                0.00756
Computing random walk for 1405 nodes and 23540 edges.
[TimingStat] Random walk time (s):                0.00759
Computing random walk for 1405 nodes and 23540 edges.
[TimingStat] Random walk time (s):                0.00758
Computing random walk for 1405 nodes and 23540 edges.
[TimingStat] Random walk time (s):                0.00758
Computing random walk for 1405 nodes and 23540 edges.
[TimingStat] Random walk time (s):                0.00759
Computing random walk for 1405 nodes and 23540 edges.
[TimingStat] Random walk time (s):                0.00763
Computing random walk for 1405 nodes and 23540 edges.
[TimingStat] Random walk time (s):                0.00760
Computing random walk for 1405 nodes and 23540 edges.
[TimingStat] Random walk time (s):                0.00761
Computing random walk for 1405 nodes and 23540 edges.
[TimingStat] Random walk time (s):                0.00758
Computing random walk for 1405 nodes and 23540 edges.
[TimingStat] Random walk time (s):                0.00760
Computing random walk for 1405 nodes and 23540 edges.
[TimingStat] Random walk time (s):                0.00757
Computing random walk for 1405 nodes and 23540 edges.
[TimingStat] Random walk time (s):                0.00758
Computing random walk for 1405 nodes and 23540 edges.
[TimingStat] Random walk time (s):                0.00761
Computing random walk for 1405 nodes and 23540 edges.
[TimingStat] Random walk time (s):                0.00758
Computing random walk for 1405 nodes and 23540 edges.
[TimingStat] Random walk time (s):                0.00761
Computing random walk for 1405 nodes and 23540 edges.
[TimingStat] Random walk time (s):                0.00760

real	0m0.906s
user	0m0.552s
sys	0m0.246s
