Read Time:           0.01902
Build Time:          0.00199
Reading hyperparameters config file add-hyperparams-filename...
Computing random walk for 1405 nodes and 23540 edges.
[TimingStat] Random walk time (s):                0.01031
Computing random walk for 1405 nodes and 23540 edges.
[TimingStat] Random walk time (s):                0.01005
Computing random walk for 1405 nodes and 23540 edges.
[TimingStat] Random walk time (s):                0.01005
Computing random walk for 1405 nodes and 23540 edges.
[TimingStat] Random walk time (s):                0.01041
Computing random walk for 1405 nodes and 23540 edges.
[TimingStat] Random walk time (s):                0.00963
Computing random walk for 1405 nodes and 23540 edges.
[TimingStat] Random walk time (s):                0.00996
Computing random walk for 1405 nodes and 23540 edges.
[TimingStat] Random walk time (s):                0.00968
Computing random walk for 1405 nodes and 23540 edges.
[TimingStat] Random walk time (s):                0.00978
Computing random walk for 1405 nodes and 23540 edges.
[TimingStat] Random walk time (s):                0.01028
Computing random walk for 1405 nodes and 23540 edges.
[TimingStat] Random walk time (s):                0.00991
Computing random walk for 1405 nodes and 23540 edges.
[TimingStat] Random walk time (s):                0.01001
Computing random walk for 1405 nodes and 23540 edges.
[TimingStat] Random walk time (s):                0.01020
Computing random walk for 1405 nodes and 23540 edges.
[TimingStat] Random walk time (s):                0.00995
Computing random walk for 1405 nodes and 23540 edges.
[TimingStat] Random walk time (s):                0.01016
Computing random walk for 1405 nodes and 23540 edges.
[TimingStat] Random walk time (s):                0.01034
Computing random walk for 1405 nodes and 23540 edges.
[TimingStat] Random walk time (s):                0.00983
Computing random walk for 1405 nodes and 23540 edges.
[TimingStat] Random walk time (s):                0.00980
Computing random walk for 1405 nodes and 23540 edges.
[TimingStat] Random walk time (s):                0.00998
Computing random walk for 1405 nodes and 23540 edges.
[TimingStat] Random walk time (s):                0.01007
Computing random walk for 1405 nodes and 23540 edges.
[TimingStat] Random walk time (s):                0.00994

real	0m0.811s
user	0m0.453s
sys	0m0.284s
