Read Time:           0.00958
Build Time:          0.00198
Reading hyperparameters config file add-hyperparams-filename...
Computing random walk for 1405 nodes and 23540 edges.
[TimingStat] Random walk time (s):                0.00976
Computing random walk for 1405 nodes and 23540 edges.
[TimingStat] Random walk time (s):                0.00967
Computing random walk for 1405 nodes and 23540 edges.
[TimingStat] Random walk time (s):                0.00931
Computing random walk for 1405 nodes and 23540 edges.
[TimingStat] Random walk time (s):                0.00931
Computing random walk for 1405 nodes and 23540 edges.
[TimingStat] Random walk time (s):                0.00932
Computing random walk for 1405 nodes and 23540 edges.
[TimingStat] Random walk time (s):                0.00930
Computing random walk for 1405 nodes and 23540 edges.
[TimingStat] Random walk time (s):                0.00931
Computing random walk for 1405 nodes and 23540 edges.
[TimingStat] Random walk time (s):                0.00931
Computing random walk for 1405 nodes and 23540 edges.
[TimingStat] Random walk time (s):                0.00930
Computing random walk for 1405 nodes and 23540 edges.
[TimingStat] Random walk time (s):                0.00931

real	0m0.364s
user	0m0.123s
sys	0m0.227s
