Read Time:           0.00967
Build Time:          0.00199
Reading hyperparameters config file add-hyperparams-filename...
Computing random walk for 1405 nodes and 23540 edges.
[TimingStat] Random walk time (s):                0.00709
Computing random walk for 1405 nodes and 23540 edges.
[TimingStat] Random walk time (s):                0.00829
Computing random walk for 1405 nodes and 23540 edges.
[TimingStat] Random walk time (s):                0.00609
Computing random walk for 1405 nodes and 23540 edges.
[TimingStat] Random walk time (s):                0.00759
Computing random walk for 1405 nodes and 23540 edges.
[TimingStat] Random walk time (s):                0.00693
Computing random walk for 1405 nodes and 23540 edges.
[TimingStat] Random walk time (s):                0.00809
Computing random walk for 1405 nodes and 23540 edges.
[TimingStat] Random walk time (s):                0.00694
Computing random walk for 1405 nodes and 23540 edges.
[TimingStat] Random walk time (s):                0.00805
Computing random walk for 1405 nodes and 23540 edges.
[TimingStat] Random walk time (s):                0.00772
Computing random walk for 1405 nodes and 23540 edges.
[TimingStat] Random walk time (s):                0.00774
Computing random walk for 1405 nodes and 23540 edges.
[TimingStat] Random walk time (s):                0.00783
Computing random walk for 1405 nodes and 23540 edges.
[TimingStat] Random walk time (s):                0.00867
Computing random walk for 1405 nodes and 23540 edges.
[TimingStat] Random walk time (s):                0.00765
Computing random walk for 1405 nodes and 23540 edges.
[TimingStat] Random walk time (s):                0.00663
Computing random walk for 1405 nodes and 23540 edges.
[TimingStat] Random walk time (s):                0.00570
Computing random walk for 1405 nodes and 23540 edges.
[TimingStat] Random walk time (s):                0.00813
Computing random walk for 1405 nodes and 23540 edges.
[TimingStat] Random walk time (s):                0.00670
Computing random walk for 1405 nodes and 23540 edges.
[TimingStat] Random walk time (s):                0.00652
Computing random walk for 1405 nodes and 23540 edges.
[TimingStat] Random walk time (s):                0.00904
Computing random walk for 1405 nodes and 23540 edges.
[TimingStat] Random walk time (s):                0.00766

real	0m0.498s
user	0m0.212s
sys	0m0.248s
