Read Time:           0.00974
Build Time:          0.00195
Reading hyperparameters config file add-hyperparams-filename...
Computing random walk for 1405 nodes and 23540 edges.
[TimingStat] Random walk time (s):                0.00742
Computing random walk for 1405 nodes and 23540 edges.
[TimingStat] Random walk time (s):                0.00725
Computing random walk for 1405 nodes and 23540 edges.
[TimingStat] Random walk time (s):                0.00786
Computing random walk for 1405 nodes and 23540 edges.
[TimingStat] Random walk time (s):                0.00647
Computing random walk for 1405 nodes and 23540 edges.
[TimingStat] Random walk time (s):                0.00749
Computing random walk for 1405 nodes and 23540 edges.
[TimingStat] Random walk time (s):                0.00766
Computing random walk for 1405 nodes and 23540 edges.
[TimingStat] Random walk time (s):                0.00812
Computing random walk for 1405 nodes and 23540 edges.
[TimingStat] Random walk time (s):                0.00694
Computing random walk for 1405 nodes and 23540 edges.
[TimingStat] Random walk time (s):                0.00842
Computing random walk for 1405 nodes and 23540 edges.
[TimingStat] Random walk time (s):                0.00658
Computing random walk for 1405 nodes and 23540 edges.
[TimingStat] Random walk time (s):                0.00712
Computing random walk for 1405 nodes and 23540 edges.
[TimingStat] Random walk time (s):                0.00801
Computing random walk for 1405 nodes and 23540 edges.
[TimingStat] Random walk time (s):                0.00664
Computing random walk for 1405 nodes and 23540 edges.
[TimingStat] Random walk time (s):                0.00643
Computing random walk for 1405 nodes and 23540 edges.
[TimingStat] Random walk time (s):                0.00574
Computing random walk for 1405 nodes and 23540 edges.
[TimingStat] Random walk time (s):                0.00605
Computing random walk for 1405 nodes and 23540 edges.
[TimingStat] Random walk time (s):                0.00740
Computing random walk for 1405 nodes and 23540 edges.
[TimingStat] Random walk time (s):                0.00637
Computing random walk for 1405 nodes and 23540 edges.
[TimingStat] Random walk time (s):                0.00680
Computing random walk for 1405 nodes and 23540 edges.
[TimingStat] Random walk time (s):                0.00694

real	0m0.632s
user	0m0.186s
sys	0m0.252s
