Read Time:           0.00974
Build Time:          0.00197
Reading hyperparameters config file add-hyperparams-filename...
Computing random walk for 1405 nodes and 23540 edges.
[TimingStat] Random walk time (s):                0.00834
Computing random walk for 1405 nodes and 23540 edges.
[TimingStat] Random walk time (s):                0.00763
Computing random walk for 1405 nodes and 23540 edges.
[TimingStat] Random walk time (s):                0.00765
Computing random walk for 1405 nodes and 23540 edges.
[TimingStat] Random walk time (s):                0.00678
Computing random walk for 1405 nodes and 23540 edges.
[TimingStat] Random walk time (s):                0.00795
Computing random walk for 1405 nodes and 23540 edges.
[TimingStat] Random walk time (s):                0.00788
Computing random walk for 1405 nodes and 23540 edges.
[TimingStat] Random walk time (s):                0.00811
Computing random walk for 1405 nodes and 23540 edges.
[TimingStat] Random walk time (s):                0.00805
Computing random walk for 1405 nodes and 23540 edges.
[TimingStat] Random walk time (s):                0.00710
Computing random walk for 1405 nodes and 23540 edges.
[TimingStat] Random walk time (s):                0.00753
Computing random walk for 1405 nodes and 23540 edges.
[TimingStat] Random walk time (s):                0.00805
Computing random walk for 1405 nodes and 23540 edges.
[TimingStat] Random walk time (s):                0.00716
Computing random walk for 1405 nodes and 23540 edges.
[TimingStat] Random walk time (s):                0.00804
Computing random walk for 1405 nodes and 23540 edges.
[TimingStat] Random walk time (s):                0.00746
Computing random walk for 1405 nodes and 23540 edges.
[TimingStat] Random walk time (s):                0.00634
Computing random walk for 1405 nodes and 23540 edges.
[TimingStat] Random walk time (s):                0.00671
Computing random walk for 1405 nodes and 23540 edges.
[TimingStat] Random walk time (s):                0.00631
Computing random walk for 1405 nodes and 23540 edges.
[TimingStat] Random walk time (s):                0.00568
Computing random walk for 1405 nodes and 23540 edges.
[TimingStat] Random walk time (s):                0.00649
Computing random walk for 1405 nodes and 23540 edges.
[TimingStat] Random walk time (s):                0.00579

real	0m0.534s
user	0m0.195s
sys	0m0.249s
