Read Time:           0.00968
Build Time:          0.00200
Reading hyperparameters config file add-hyperparams-filename...
Computing random walk for 1405 nodes and 23540 edges.
[TimingStat] Random walk time (s):                0.00773
Computing random walk for 1405 nodes and 23540 edges.
[TimingStat] Random walk time (s):                0.00770
Computing random walk for 1405 nodes and 23540 edges.
[TimingStat] Random walk time (s):                0.00692
Computing random walk for 1405 nodes and 23540 edges.
[TimingStat] Random walk time (s):                0.00819
Computing random walk for 1405 nodes and 23540 edges.
[TimingStat] Random walk time (s):                0.00716
Computing random walk for 1405 nodes and 23540 edges.
[TimingStat] Random walk time (s):                0.00763
Computing random walk for 1405 nodes and 23540 edges.
[TimingStat] Random walk time (s):                0.00865
Computing random walk for 1405 nodes and 23540 edges.
[TimingStat] Random walk time (s):                0.00806
Computing random walk for 1405 nodes and 23540 edges.
[TimingStat] Random walk time (s):                0.00787
Computing random walk for 1405 nodes and 23540 edges.
[TimingStat] Random walk time (s):                0.00758
Computing random walk for 1405 nodes and 23540 edges.
[TimingStat] Random walk time (s):                0.00800
Computing random walk for 1405 nodes and 23540 edges.
[TimingStat] Random walk time (s):                0.00652
Computing random walk for 1405 nodes and 23540 edges.
[TimingStat] Random walk time (s):                0.00846
Computing random walk for 1405 nodes and 23540 edges.
[TimingStat] Random walk time (s):                0.00768
Computing random walk for 1405 nodes and 23540 edges.
[TimingStat] Random walk time (s):                0.00739
Computing random walk for 1405 nodes and 23540 edges.
[TimingStat] Random walk time (s):                0.00715
Computing random walk for 1405 nodes and 23540 edges.
[TimingStat] Random walk time (s):                0.00714
Computing random walk for 1405 nodes and 23540 edges.
[TimingStat] Random walk time (s):                0.00732
Computing random walk for 1405 nodes and 23540 edges.
[TimingStat] Random walk time (s):                0.00724
Computing random walk for 1405 nodes and 23540 edges.
[TimingStat] Random walk time (s):                0.00697

real	0m1.038s
user	0m0.289s
sys	0m0.265s
