Read Time:           0.12829
Build Time:          0.00199
Reading hyperparameters config file add-hyperparams-filename...
Computing random walk for 1405 nodes and 23540 edges.
[TimingStat] Random walk time (s):                0.00880
Computing random walk for 1405 nodes and 23540 edges.
[TimingStat] Random walk time (s):                0.00866
Computing random walk for 1405 nodes and 23540 edges.
[TimingStat] Random walk time (s):                0.00824
Computing random walk for 1405 nodes and 23540 edges.
[TimingStat] Random walk time (s):                0.00827
Computing random walk for 1405 nodes and 23540 edges.
[TimingStat] Random walk time (s):                0.00825
Computing random walk for 1405 nodes and 23540 edges.
[TimingStat] Random walk time (s):                0.00826
Computing random walk for 1405 nodes and 23540 edges.
[TimingStat] Random walk time (s):                0.00826
Computing random walk for 1405 nodes and 23540 edges.
[TimingStat] Random walk time (s):                0.00828
Computing random walk for 1405 nodes and 23540 edges.
[TimingStat] Random walk time (s):                0.00827
Computing random walk for 1405 nodes and 23540 edges.
[TimingStat] Random walk time (s):                0.00826

real	0m0.518s
user	0m0.120s
sys	0m0.220s
